<?xml version="1.0" encoding="UTF-8"?>
<!-- Generated by org.testng.reporters.JUnitXMLReporter -->
<testsuite hostname="DESKTOP-B8S09EH" ignored="0" name="LoginPageFPandSignup" tests="2" failures="0" timestamp="29 Sep 2017 05:54:33 GMT" time="28.324" errors="0">
  <testcase name="VerifyForgotPassword" time="5.487" classname="firsttestingpackage.LoginPageFPandSignup"/>
  <testcase name="VerifyDonthaveaccount" time="7.416" classname="firsttestingpackage.LoginPageFPandSignup"/>
</testsuite> <!-- LoginPageFPandSignup -->
