<?xml version="1.0" encoding="UTF-8"?>
<!-- Generated by org.testng.reporters.JUnitXMLReporter -->
<testsuite hostname="DESKTOP-B8S09EH" ignored="0" name="SignUpTestExcel" tests="9" failures="0" timestamp="29 Sep 2017 06:25:30 GMT" time="71.086" errors="0">
  <testcase name="signup" time="7.165" classname="firsttestingpackage.SignUpTestExcel"/>
  <testcase name="signup" time="6.684" classname="firsttestingpackage.SignUpTestExcel"/>
  <testcase name="signup" time="7.815" classname="firsttestingpackage.SignUpTestExcel"/>
  <testcase name="signup" time="5.161" classname="firsttestingpackage.SignUpTestExcel"/>
  <testcase name="signup" time="5.471" classname="firsttestingpackage.SignUpTestExcel"/>
  <testcase name="signup" time="6.15" classname="firsttestingpackage.SignUpTestExcel"/>
  <testcase name="signup" time="5.812" classname="firsttestingpackage.SignUpTestExcel"/>
  <testcase name="signup" time="6.599" classname="firsttestingpackage.SignUpTestExcel"/>
  <testcase name="signup" time="6.841" classname="firsttestingpackage.SignUpTestExcel"/>
</testsuite> <!-- SignUpTestExcel -->
