<?xml version="1.0" encoding="UTF-8"?>
<!-- Generated by org.testng.reporters.JUnitXMLReporter -->
<testsuite hostname="DESKTOP-B8S09EH" ignored="0" name="SignupTCPPandloginlink" tests="2" failures="0" timestamp="29 Sep 2017 06:26:00 GMT" time="30.158" errors="0">
  <testcase name="verifyTCandPP" time="14.966" classname="firsttestingpackage.SignupTCPPandloginlink"/>
  <testcase name="alreadyhaveaaccount" time="0.54" classname="firsttestingpackage.SignupTCPPandloginlink"/>
</testsuite> <!-- SignupTCPPandloginlink -->
