<?xml version="1.0" encoding="UTF-8"?>
<!-- Generated by org.testng.reporters.JUnitXMLReporter -->
<testsuite hostname="DESKTOP-B8S09EH" ignored="0" name="VerifyLoginExcel" tests="9" failures="0" timestamp="29 Sep 2017 05:54:04 GMT" time="210.001" errors="0">
  <testcase name="Login" time="24.4" classname="firsttestingpackage.VerifyLoginExcel"/>
  <testcase name="Login" time="26.161" classname="firsttestingpackage.VerifyLoginExcel"/>
  <testcase name="Login" time="21.883" classname="firsttestingpackage.VerifyLoginExcel"/>
  <testcase name="Login" time="23.893" classname="firsttestingpackage.VerifyLoginExcel"/>
  <testcase name="Login" time="22.927" classname="firsttestingpackage.VerifyLoginExcel"/>
  <testcase name="Login" time="21.467" classname="firsttestingpackage.VerifyLoginExcel"/>
  <testcase name="Login" time="20.092" classname="firsttestingpackage.VerifyLoginExcel"/>
  <testcase name="Login" time="20.187" classname="firsttestingpackage.VerifyLoginExcel"/>
  <testcase name="Login" time="22.253" classname="firsttestingpackage.VerifyLoginExcel"/>
</testsuite> <!-- VerifyLoginExcel -->
